[     728ms] [LOG] [options] {commonOptions: Object, captchaOptions: Object, secondVerifyWebOptions: undefined} @ https://lf-web-assets.juejin.cn/obj/juejin-web/xitu_juejin_web/9c5fde7.js:1
[     802ms] [WARNING] 使用兜底 TDK @ https://lf-web-assets.juejin.cn/obj/juejin-web/xitu_juejin_web/da8cbb7.js:1
[     906ms] [LOG] %c想要加入稀土掘金？投递简历：https://job.toutiao.com/s/idq6X5rb color:#1e80ff; @ :0
[     972ms] [INFO] [component-runtime]load async component @byted-juejin/article-suspended-panel@0.1.1 @ https://unpkg.byted-static.com/byted-juejin/component-runtime/0.2.2/dist/index.js:5
[    1147ms] [INFO] [component-runtime]mount component ArticleSuspendedPanel @ https://unpkg.byted-static.com/byted-juejin/component-runtime/0.2.2/dist/index.js:5
[    1195ms] [ERROR] parseImageXUrl "tplv-73owjymdk6-jj-mark-v1:0:0:0:0:5o6Y6YeR5oqA5pyv56S-5Yy6IEAg5ZCO56uv5bCP6IKl6IKg:q75.awebp" parse error @ https://lf-web-assets.juejin.cn/obj/juejin-web/xitu_juejin_web/00c10b8.js:3
[    1197ms] [ERROR] parseImageXUrl "tplv-73owjymdk6-jj-mark-v1:0:0:0:0:5o6Y6YeR5oqA5pyv56S-5Yy6IEAg5ZCO56uv5bCP6IKl6IKg:q75.awebp" parse error @ https://lf-web-assets.juejin.cn/obj/juejin-web/xitu_juejin_web/00c10b8.js:3
[    1199ms] [ERROR] parseImageXUrl "tplv-73owjymdk6-jj-mark-v1:0:0:0:0:5o6Y6YeR5oqA5pyv56S-5Yy6IEAg55So5oi3NjEyMjMyNjU2MTUz:q75.awebp" parse error @ https://lf-web-assets.juejin.cn/obj/juejin-web/xitu_juejin_web/00c10b8.js:3
[    1200ms] [ERROR] parseImageXUrl "tplv-73owjymdk6-jj-mark-v1:0:0:0:0:5o6Y6YeR5oqA5pyv56S-5Yy6IEAg5ZCO56uv5bCP6IKl6IKg:q75.awebp" parse error @ https://lf-web-assets.juejin.cn/obj/juejin-web/xitu_juejin_web/00c10b8.js:3
[    1202ms] [ERROR] parseImageXUrl "tplv-73owjymdk6-jj-mark-v1:0:0:0:0:5o6Y6YeR5oqA5pyv56S-5Yy6IEAg5ZCO56uv5bCP6IKl6IKg:q75.awebp" parse error @ https://lf-web-assets.juejin.cn/obj/juejin-web/xitu_juejin_web/00c10b8.js:3
[    1203ms] [ERROR] parseImageXUrl "tplv-73owjymdk6-jj-mark-v1:0:0:0:0:5o6Y6YeR5oqA5pyv56S-5Yy6IEAg5pWw5a2X5ri45rCROTUyNw==:q75.awebp" parse error @ https://lf-web-assets.juejin.cn/obj/juejin-web/xitu_juejin_web/00c10b8.js:3
[    1205ms] [ERROR] parseImageXUrl "tplv-73owjymdk6-jj-mark-v1:0:0:0:0:5o6Y6YeR5oqA5pyv56S-5Yy6IEAg5ZCO56uv5bCP6IKl6IKg:q75.awebp" parse error @ https://lf-web-assets.juejin.cn/obj/juejin-web/xitu_juejin_web/00c10b8.js:3
[    1208ms] [ERROR] parseImageXUrl "tplv-73owjymdk6-jj-mark-v1:0:0:0:0:5o6Y6YeR5oqA5pyv56S-5Yy6IEAg5ZCO56uv5bCP6IKl6IKg:q75.awebp" parse error @ https://lf-web-assets.juejin.cn/obj/juejin-web/xitu_juejin_web/00c10b8.js:3
[    1211ms] [ERROR] parseImageXUrl "tplv-73owjymdk6-jj-mark-v1:0:0:0:0:5o6Y6YeR5oqA5pyv56S-5Yy6IEAg5ZCO56uv5bCP6IKl6IKg:q75.awebp" parse error @ https://lf-web-assets.juejin.cn/obj/juejin-web/xitu_juejin_web/00c10b8.js:3
[    1213ms] [ERROR] parseImageXUrl "tplv-73owjymdk6-jj-mark-v1:0:0:0:0:5o6Y6YeR5oqA5pyv56S-5Yy6IEAg5ZCO56uv5bCP6IKl6IKg:q75.awebp" parse error @ https://lf-web-assets.juejin.cn/obj/juejin-web/xitu_juejin_web/00c10b8.js:3
[    1215ms] [ERROR] parseImageXUrl "tplv-73owjymdk6-jj-mark-v1:0:0:0:0:5o6Y6YeR5oqA5pyv56S-5Yy6IEAg5ZCO56uv5bCP6IKl6IKg:q75.awebp" parse error @ https://lf-web-assets.juejin.cn/obj/juejin-web/xitu_juejin_web/00c10b8.js:3
[    1216ms] [ERROR] parseImageXUrl "tplv-73owjymdk6-jj-mark-v1:0:0:0:0:5o6Y6YeR5oqA5pyv56S-5Yy6IEAg5ZCO56uv5bCP6IKl6IKg:q75.awebp" parse error @ https://lf-web-assets.juejin.cn/obj/juejin-web/xitu_juejin_web/00c10b8.js:3
[    1218ms] [ERROR] parseImageXUrl "tplv-73owjymdk6-jj-mark-v1:0:0:0:0:5o6Y6YeR5oqA5pyv56S-5Yy6IEAg5ZCO56uv5bCP6IKl6IKg:q75.awebp" parse error @ https://lf-web-assets.juejin.cn/obj/juejin-web/xitu_juejin_web/00c10b8.js:3
[    1240ms] [WARNING] 使用兜底 TDK @ https://lf-web-assets.juejin.cn/obj/juejin-web/xitu_juejin_web/da8cbb7.js:1
[   90929ms] [WARNING] error reportViewContentJScore err: Error: must login
    at https://lf-web-assets.juejin.cn/obj/juejin-web/xitu_juejin_web/8bb7edd.js:3:6486
    at O (https://lf-web-assets.juejin.cn/obj/juejin-web/xitu_juejin_web/ff0d0f1.js:4:72712)
    at Generator._invoke (https://lf-web-assets.juejin.cn/obj/juejin-web/xitu_juejin_web/ff0d0f1.js:4:72465)
    at forEach.t.<computed> [as next] (https://lf-web-assets.juejin.cn/obj/juejin-web/xitu_juejin_web/ff0d0f1.js:4:72892)
    at r (https://lf-web-assets.juejin.cn/obj/juejin-web/xitu_juejin_web/ff0d0f1.js:4:344)
    at l (https://lf-web-assets.juejin.cn/obj/juejin-web/xitu_juejin_web/ff0d0f1.js:4:547) @ https://lf-web-assets.juejin.cn/obj/juejin-web/xitu_juejin_web/85257f0.js:0
